<?xml version="1.0" encoding="UTF-8"?>
<testsuite xmlns:xsi="http://www.w3.org/2001/XMLSchema-instance" xsi:noNamespaceSchemaLocation="https://maven.apache.org/surefire/maven-surefire-plugin/xsd/surefire-test-report.xsd" name="TestSuite" time="0.719" tests="5" errors="0" skipped="0" failures="0">
  <properties>
[...]
</properties>
  <testcase name="testScript_1" classname="com.Testng.Test.TestNgTestClassThree" time="0.002"/>
  <testcase name="testscript_1" classname="com.Testng.Test.TestNgTestClassTwo" time="0.002"/>
  <testcase name="testscript_2" classname="com.Testng.Test.TestNgTestClassTwo" time="0.001"/>
  <testcase name="testscript_1" classname="com.Testng.Test.TestNgTestClassOne" time="0"/>
  <testcase name="testscript_2" classname="com.Testng.Test.TestNgTestClassOne" time="0.001"/>
</testsuite>