<?xml version="1.0" encoding="UTF-8"?>
<!-- Generated by org.testng.reporters.JUnitXMLReporter -->
<testsuite ignored="0" hostname="LAPTOP-PCCUKN8F" failures="0" tests="5" name="MyTest" time="0.065" errors="0" timestamp="2024-03-18T22:54:06 CDT">
  <testcase classname="com.Testng.Test.TestNgTestClassThree" name="testScript_1" time="0.005"/>
  <testcase classname="com.Testng.Test.TestNgTestClassTwo" name="testscript_1" time="0.001"/>
  <testcase classname="com.Testng.Test.TestNgTestClassTwo" name="testscript_2" time="0.001"/>
  <testcase classname="com.Testng.Test.TestNgTestClassOne" name="testscript_1" time="0.001"/>
  <testcase classname="com.Testng.Test.TestNgTestClassOne" name="testscript_2" time="0.002"/>
</testsuite> <!-- MyTest -->
